#
# A fatal error has been detected by the Java Runtime Environment:
#
#  EXCEPTION_ACCESS_VIOLATION (0xc0000005) at pc=0x000001e25f8b9566, pid=17448, tid=10480
#
# JRE version: Java(TM) SE Runtime Environment (21.0.3+7) (build 21.0.3+7-LTS-152)
# Java VM: Java HotSpot(TM) 64-Bit Server VM (21.0.3+7-LTS-152, mixed mode, emulated-client, sharing, tiered, compressed oops, compressed class ptrs, g1 gc, windows-amd64)
# Problematic frame:
# j  jakarta.servlet.http.HttpServletRequestWrapper.getDateHeader(Ljava/lang/String;)J+1
#
# No core dump will be written. Minidumps are not enabled by default on client versions of Windows
#
# If you would like to submit a bug report, please visit:
#   https://bugreport.java.com/bugreport/crash.jsp
#

---------------  S U M M A R Y ------------

Command Line: -Dcom.sun.management.jmxremote -Dcom.sun.management.jmxremote.port=61361 -Dcom.sun.management.jmxremote.authenticate=false -Dcom.sun.management.jmxremote.ssl=false -Djava.rmi.server.hostname=localhost -Dspring.jmx.enabled=true -Dmanagement.endpoints.jmx.exposure.include=* -Dspring.application.admin.enabled=true -XX:TieredStopAtLevel=1 -Dspring.boot.project.name=Rp -Dfile.encoding=UTF-8 -Dstdout.encoding=UTF-8 -Dstderr.encoding=UTF-8 -XX:+ShowCodeDetailsInExceptionMessages -agentpath:C:\Program Files\SentinelOne\Sentinel Agent 23.4.4.223\SentinelJava64.dll=extendedCapabilities com.Rp.RpApplication --spring.output.ansi.enabled=always

Host: Intel(R) Core(TM) i5-6500 CPU @ 3.20GHz, 4 cores, 7G,  Windows 10 , 64 bit Build 19041 (10.0.19041.4957)
Time: Thu Nov  7 11:00:10 2024 India Standard Time elapsed time: 1702.220493 seconds (0d 0h 28m 22s)

---------------  T H R E A D  ---------------

Current thread (0x000001e2ae07a950):  JavaThread "http-nio-8082-exec-8" daemon [_thread_in_Java, id=10480, stack(0x000000602d300000,0x000000602d400000) (1024K)]

Stack: [0x000000602d300000,0x000000602d400000],  sp=0x000000602d3fc008,  free space=1008k
Native frames: (J=compiled Java code, j=interpreted, Vv=VM code, C=native code)
C  0x000001e25f8b9566

The last pc belongs to invokevirtual (printed below).

siginfo: EXCEPTION_ACCESS_VIOLATION (0xc0000005), reading address 0x0000006000000000


Registers:
RAX=0x0000000000100000, RBX=0x000001e2ab2c1b48, RCX=0x0000006000000000, RDX=0x0000000080100001
RSP=0x000000602d3fc008, RBP=0x000000602d3fc060, RSI=0x000000602d3fc460, RDI=0x000000602d3fc468
R8 =0x000000602d3fc470, R9 =0x0000000000000001, R10=0x00007ffe06402650, R11=0x000000602d3fc258
R12=0x0000000000000000, R13=0x000001e2ab2c1d39, R14=0x000000602d3fc078, R15=0x000001e2ae07a950
RIP=0x000001e25f8b9566, EFLAGS=0x0000000000010206


Register to memory mapping:

RAX=0x0000000000100000 is an unknown value
RBX={method} {0x000001e2ab2c1b50} '_getHttpServletRequest' '()Ljakarta/servlet/http/HttpServletRequest;' in 'jakarta/servlet/http/HttpServletRequestWrapper'
RCX=0x0000006000000000 is an unknown value
RDX=0x0000000080100001 is an unknown value
RSP=0x000000602d3fc008 is pointing into the stack for thread: 0x000001e2ae07a950
RBP=0x000000602d3fc060 is pointing into the stack for thread: 0x000001e2ae07a950
RSI=0x000000602d3fc460 is pointing into the stack for thread: 0x000001e2ae07a950
RDI=0x000000602d3fc468 is pointing into the stack for thread: 0x000001e2ae07a950
R8 =0x000000602d3fc470 is pointing into the stack for thread: 0x000001e2ae07a950
R9 =0x0000000000000001 is an unknown value
R10=0x00007ffe06402650 jvm.dll
R11=0x000000602d3fc258 is pointing into the stack for thread: 0x000001e2ae07a950
R12=0x0 is null
R13=0x000001e2ab2c1d39 is pointing into metadata
R14=0x000000602d3fc078 is pointing into the stack for thread: 0x000001e2ae07a950
R15=0x000001e2ae07a950 is a thread

Top of Stack: (sp=0x000000602d3fc008)
0x000000602d3fc008:   000001e25f8a88a4 0000006000000000
0x000000602d3fc018:   000000602d3fc018 000001e2ab2c1d39
0x000000602d3fc028:   0000000000000003 000001e2ab2c3bb8
0x000000602d3fc038:   0000000000000000 00000000821ff728
0x000000602d3fc048:   000001e2ab2c1d68 0000000000000000
0x000000602d3fc058:   000000602d3fc070 000000602d3fc250
0x000000602d3fc068:   000001e25f8a100d 00000000837bcd50
0x000000602d3fc078:   0000006000000000 000000602d3fc1f0
0x000000602d3fc088:   000001e2542f0cc0 00000002005c0100
0x000000602d3fc098:   0000007600000076 000000000000003b
0x000000602d3fc0a8:   0000000002080076 000000602d3fc1f0
0x000000602d3fc0b8:   0000000000000000 0000000000000000
0x000000602d3fc0c8:   0000000000000000 0000000000000000
0x000000602d3fc0d8:   0000000000000000 000001e2542f0000
0x000000602d3fc0e8:   00007ffe00000000 0000000000000080
0x000000602d3fc0f8:   0000007600000000 00000000817df900
0x000000602d3fc108:   000000008182a950 0000000000000000
0x000000602d3fc118:   00000000837d6158 00000001ffffffff
0x000000602d3fc128:   0000000081fa75c8 000000008182a920
0x000000602d3fc138:   00000000837d6030 00000000817eb368
0x000000602d3fc148:   00000000837d61c8 0000000500000041
0x000000602d3fc158:   00007ffe05ac34c9 00000000837d6048
0x000000602d3fc168:   0000004100000041 00000000837d6030
0x000000602d3fc178:   0000000000000000 0000000000000000
0x000000602d3fc188:   0000000000000000 0000000000000000
0x000000602d3fc198:   0000000000000000 0000000000000000
0x000000602d3fc1a8:   0000000000000000 0000000000000000
0x000000602d3fc1b8:   0000000000000000 0000000000000000
0x000000602d3fc1c8:   0000000000000000 0000000000000000
0x000000602d3fc1d8:   0000000000000000 0000000000000000
0x000000602d3fc1e8:   0000000000000000 0000000000000000
0x000000602d3fc1f8:   0000000000000000 0000000000000000 

Instructions: (pc=0x000001e25f8b9566)
0x000001e25f8b9466:   00 81 fb b6 00 00 00 0f 84 b4 00 00 00 bb b6 00
0x000001e25f8b9476:   00 00 e8 05 00 00 00 e9 99 00 00 00 48 8b d3 48
0x000001e25f8b9486:   8d 44 24 08 4c 89 6d c0 49 8b cf c5 f8 77 49 89
0x000001e25f8b9496:   af a8 03 00 00 49 89 87 98 03 00 00 48 83 ec 20
0x000001e25f8b94a6:   40 f6 c4 0f 0f 84 19 00 00 00 48 83 ec 08 48 b8
0x000001e25f8b94b6:   f0 29 b9 05 fe 7f 00 00 ff d0 48 83 c4 08 e9 0c
0x000001e25f8b94c6:   00 00 00 48 b8 f0 29 b9 05 fe 7f 00 00 ff d0 48
0x000001e25f8b94d6:   83 c4 20 49 c7 87 98 03 00 00 00 00 00 00 49 c7
0x000001e25f8b94e6:   87 a8 03 00 00 00 00 00 00 49 c7 87 a0 03 00 00
0x000001e25f8b94f6:   00 00 00 00 c5 f8 77 49 83 7f 08 00 0f 84 05 00
0x000001e25f8b9506:   00 00 e9 f3 79 fe ff 4c 8b 6d c0 4c 8b 75 c8 4e
0x000001e25f8b9516:   8d 74 f5 00 c3 41 0f b7 55 01 48 8b 4d d0 c1 e2
0x000001e25f8b9526:   02 48 8b 5c d1 48 8b 54 d1 50 8b ca 81 e1 ff 00
0x000001e25f8b9536:   00 00 48 8b 4c cc f8 44 8b ea c1 ea 1c 49 ba 50
0x000001e25f8b9546:   26 40 06 fe 7f 00 00 49 8b 14 d2 52 41 8b d5 4c
0x000001e25f8b9556:   8b 6d c0 8b c2 25 00 00 10 00 0f 84 0f 00 00 00
0x000001e25f8b9566:   48 3b 01 4c 8d 6c 24 08 4c 89 6d f0 ff 63 50 8b
0x000001e25f8b9576:   41 08 49 ba 00 00 00 68 e2 01 00 00 49 03 c2 48
0x000001e25f8b9586:   8b 9c d8 c8 01 00 00 4c 8d 6c 24 08 4c 89 6d f0
0x000001e25f8b9596:   ff 63 50 0f 1f 80 00 00 00 00 78 f7 14 06 fe 7f
0x000001e25f8b95a6:   00 00 60 01 00 00 b7 00 00 00 00 00 00 00 00 00
0x000001e25f8b95b6:   00 00 00 00 00 00 00 00 00 00 48 83 ec 08 c5 fa
0x000001e25f8b95c6:   11 04 24 eb 1f 48 83 ec 10 c5 fb 11 04 24 eb 14
0x000001e25f8b95d6:   48 83 ec 10 48 89 04 24 48 c7 44 24 08 00 00 00
0x000001e25f8b95e6:   00 eb 01 50 4c 89 6d c0 41 0f b7 55 01 48 8b 4d
0x000001e25f8b95f6:   d0 c1 e2 02 8b 5c d1 38 c1 eb 10 81 e3 ff 00 00
0x000001e25f8b9606:   00 81 fb b7 00 00 00 0f 84 b4 00 00 00 bb b7 00
0x000001e25f8b9616:   00 00 e8 05 00 00 00 e9 99 00 00 00 48 8b d3 48
0x000001e25f8b9626:   8d 44 24 08 4c 89 6d c0 49 8b cf c5 f8 77 49 89
0x000001e25f8b9636:   af a8 03 00 00 49 89 87 98 03 00 00 48 83 ec 20
0x000001e25f8b9646:   40 f6 c4 0f 0f 84 19 00 00 00 48 83 ec 08 48 b8
0x000001e25f8b9656:   f0 29 b9 05 fe 7f 00 00 ff d0 48 83 c4 08 e9 0c 


Stack slot to memory mapping:

stack at sp + 0 slots: 0x000001e25f8a88a4 is at code_begin+1252 in an Interpreter codelet
return entry points  [0x000001e25f8a83c0, 0x000001e25f8a8c68]  2216 bytes
stack at sp + 1 slots: 0x0000006000000000 is an unknown value
stack at sp + 2 slots: 0x000000602d3fc018 is pointing into the stack for thread: 0x000001e2ae07a950
stack at sp + 3 slots: 0x000001e2ab2c1d39 is pointing into metadata
stack at sp + 4 slots: 0x0000000000000003 is an unknown value
stack at sp + 5 slots: 0x000001e2ab2c3bb8 is pointing into metadata
stack at sp + 6 slots: 0x0 is null
stack at sp + 7 slots: 0x00000000821ff728 is an oop: java.lang.Class 
{0x00000000821ff728} - klass: 'java/lang/Class'
 - ---- fields (total size 14 words):
 - private volatile transient 'classRedefinedCount' 'I' @12  0 (0x00000000)
 - injected 'klass' 'J' @16  2071941319920 (0x000001e269538cf0)
 - injected 'array_klass' 'J' @24  0 (0x0000000000000000)
 - injected 'oop_size' 'I' @32  14 (0x0000000e)
 - injected 'static_oop_field_count' 'I' @36  0 (0x00000000)
 - private volatile transient 'cachedConstructor' 'Ljava/lang/reflect/Constructor;' @40  null (0x00000000)
 - private transient 'name' 'Ljava/lang/String;' @44  "jakarta.servlet.http.HttpServletRequestWrapper"{0x00000000821ff798} (0x821ff798)
 - private transient 'module' 'Ljava/lang/Module;' @48  a 'java/lang/Module'{0x000000008182a8a8} (0x8182a8a8)
 - private final 'classLoader' 'Ljava/lang/ClassLoader;' @52  a 'jdk/internal/loader/ClassLoaders$AppClassLoader'{0x000000008182a840} (0x8182a840)
 - private transient 'classData' 'Ljava/lang/Object;' @56  null (0x00000000)
 - private transient 'packageName' 'Ljava/lang/String;' @60  "jakarta.servlet.http"{0x0000000081ac6d40} (0x81ac6d40)
 - private final 'componentType' 'Ljava/lang/Class;' @64  null (0x00000000)
 - private volatile transient 'reflectionData' 'Ljava/lang/ref/SoftReference;' @68  null (0x00000000)
 - private volatile transient 'genericInfo' 'Lsun/reflect/generics/repository/ClassRepository;' @72  null (0x00000000)
 - private volatile transient 'enumConstants' '[Ljava/lang/Object;' @76  null (0x00000000)
 - private volatile transient 'enumConstantDirectory' 'Ljava/util/Map;' @80  null (0x00000000)
 - private volatile transient 'annotationData' 'Ljava/lang/Class$AnnotationData;' @84  null (0x00000000)
 - private volatile transient 'annotationType' 'Lsun/reflect/annotation/AnnotationType;' @88  null (0x00000000)
 - transient 'classValueMap' 'Ljava/lang/ClassValue$ClassValueMap;' @92  null (0x00000000)
 - injected 'protection_domain' 'Ljava/lang/Object;' @96  a 'java/security/ProtectionDomain'{0x0000000081b6ed90} (0x81b6ed90)
 - injected 'signers_name' 'Ljava/lang/Object;' @100  null (0x00000000)
 - injected 'source_file' 'Ljava/lang/Object;' @104  null (0x00000000)
 - signature: Ljakarta/servlet/http/HttpServletRequestWrapper;
 - ---- static fields (0):

invokevirtual  182 invokevirtual  [0x000001e25f8b9420, 0x000001e25f8b95a0]  384 bytes
[MachCode]
  0x000001e25f8b9420: 4883 ec08 | c5fa 1104 | 24eb 1f48 | 83ec 10c5 | fb11 0424 | eb14 4883 | ec10 4889 | 0424 48c7 
  0x000001e25f8b9440: 4424 0800 | 0000 00eb | 0150 4c89 | 6dc0 410f | b755 0148 | 8b4d d0c1 | e202 8b5c | d138 c1eb 
  0x000001e25f8b9460: 1881 e3ff | 0000 0081 | fbb6 0000 | 000f 84b4 | 0000 00bb | b600 0000 | e805 0000 | 00e9 9900 
  0x000001e25f8b9480: 0000 488b | d348 8d44 | 2408 4c89 | 6dc0 498b | cfc5 f877 | 4989 afa8 | 0300 0049 | 8987 9803 
  0x000001e25f8b94a0: 0000 4883 | ec20 40f6 | c40f 0f84 | 1900 0000 | 4883 ec08 | 48b8 f029 | b905 fe7f | 0000 ffd0 
  0x000001e25f8b94c0: 4883 c408 | e90c 0000 | 0048 b8f0 | 29b9 05fe | 7f00 00ff | d048 83c4 | 2049 c787 | 9803 0000 
  0x000001e25f8b94e0: 0000 0000 | 49c7 87a8 | 0300 0000 | 0000 0049 | c787 a003 | 0000 0000 | 0000 c5f8 | 7749 837f 
  0x000001e25f8b9500: 0800 0f84 | 0500 0000 | e9f3 79fe | ff4c 8b6d | c04c 8b75 | c84e 8d74 | f500 c341 | 0fb7 5501 
  0x000001e25f8b9520: 488b 4dd0 | c1e2 0248 | 8b5c d148 | 8b54 d150 | 8bca 81e1 | ff00 0000 | 488b 4ccc | f844 8bea 
  0x000001e25f8b9540: c1ea 1c49 | ba50 2640 | 06fe 7f00 | 0049 8b14 | d252 418b | d54c 8b6d | c08b c225 | 0000 1000 
  0x000001e25f8b9560: 0f84 0f00 | 0000 483b | 014c 8d6c | 2408 4c89 | 6df0 ff63 | 508b 4108 | 49ba 0000 | 0068 e201 
  0x000001e25f8b9580: 0000 4903 | c248 8b9c | d8c8 0100 | 004c 8d6c | 2408 4c89 | 6df0 ff63 | 500f 1f80 | 0000 0000 
[/MachCode]

---------------  P R O C E S S  ---------------

Threads class SMR info:
_java_thread_list=0x000001e2ad3defc0, length=34, elements={
0x000001e2673b5fc0, 0x000001e2673b7370, 0x000001e2673be740, 0x000001e2673bfd70,
0x000001e2673c3740, 0x000001e2673cb860, 0x000001e2673d0220, 0x000001e2674c5ff0,
0x000001e26751ec40, 0x000001e2ad1dff70, 0x000001e2ad209f40, 0x000001e2ad254d70,
0x000001e2ad366bc0, 0x000001e2ad2ea340, 0x000001e2ad36e520, 0x000001e2ad771ff0,
0x000001e2ae07ddd0, 0x000001e2ae0795a0, 0x000001e2ad76eb70, 0x000001e2ad76f200,
0x000001e2ad7705b0, 0x000001e2ad7712d0, 0x000001e2ae07f180, 0x000001e2ae07afe0,
0x000001e2ae07b670, 0x000001e2ae07e460, 0x000001e2ae07f810, 0x000001e2ae078f10,
0x000001e2ae07a2c0, 0x000001e2ae07a950, 0x000001e2ae07c390, 0x000001e2ae07d0b0,
0x000001e2ae07fea0, 0x000001e2ae07ca20
}

Java Threads: ( => current thread )
  0x000001e2673b5fc0 JavaThread "Reference Handler"          daemon [_thread_blocked, id=9276, stack(0x000000602b300000,0x000000602b400000) (1024K)]
  0x000001e2673b7370 JavaThread "Finalizer"                  daemon [_thread_blocked, id=14872, stack(0x000000602b400000,0x000000602b500000) (1024K)]
  0x000001e2673be740 JavaThread "Signal Dispatcher"          daemon [_thread_blocked, id=920, stack(0x000000602b500000,0x000000602b600000) (1024K)]
  0x000001e2673bfd70 JavaThread "Attach Listener"            daemon [_thread_blocked, id=1664, stack(0x000000602b600000,0x000000602b700000) (1024K)]
  0x000001e2673c3740 JavaThread "Service Thread"             daemon [_thread_blocked, id=17256, stack(0x000000602b700000,0x000000602b800000) (1024K)]
  0x000001e2673cb860 JavaThread "Monitor Deflation Thread"   daemon [_thread_blocked, id=3272, stack(0x000000602b800000,0x000000602b900000) (1024K)]
  0x000001e2673d0220 JavaThread "C1 CompilerThread0"         daemon [_thread_blocked, id=676, stack(0x000000602b900000,0x000000602ba00000) (1024K)]
  0x000001e2674c5ff0 JavaThread "Common-Cleaner"             daemon [_thread_blocked, id=10108, stack(0x000000602ba00000,0x000000602bb00000) (1024K)]
  0x000001e26751ec40 JavaThread "Notification Thread"        daemon [_thread_blocked, id=18320, stack(0x000000602bc00000,0x000000602bd00000) (1024K)]
  0x000001e2ad1dff70 JavaThread "RMI TCP Accept-0"           daemon [_thread_in_native, id=17616, stack(0x000000602be00000,0x000000602bf00000) (1024K)]
  0x000001e2ad209f40 JavaThread "RMI TCP Accept-61361"       daemon [_thread_in_native, id=12156, stack(0x000000602bf00000,0x000000602c000000) (1024K)]
  0x000001e2ad254d70 JavaThread "RMI TCP Accept-0"           daemon [_thread_in_native, id=18076, stack(0x000000602c300000,0x000000602c400000) (1024K)]
  0x000001e2ad366bc0 JavaThread "RMI Scheduler(0)"           daemon [_thread_blocked, id=18124, stack(0x000000602c500000,0x000000602c600000) (1024K)]
  0x000001e2ad2ea340 JavaThread "RMI TCP Connection(idle)"   daemon [_thread_blocked, id=3228, stack(0x000000602c600000,0x000000602c700000) (1024K)]
  0x000001e2ad36e520 JavaThread "JMX server connection timeout 30" daemon [_thread_blocked, id=10748, stack(0x000000602c700000,0x000000602c800000) (1024K)]
  0x000001e2ad771ff0 JavaThread "Live Reload Server"         daemon [_thread_in_native, id=7940, stack(0x000000602ce00000,0x000000602cf00000) (1024K)]
  0x000001e2ae07ddd0 JavaThread "DestroyJavaVM"                     [_thread_blocked, id=15016, stack(0x000000602ab00000,0x000000602ac00000) (1024K)]
  0x000001e2ae0795a0 JavaThread "mysql-cj-abandoned-connection-cleanup" daemon [_thread_blocked, id=5872, stack(0x000000602aa00000,0x000000602ab00000) (1024K)]
  0x000001e2ad76eb70 JavaThread "Catalina-utility-1"                [_thread_blocked, id=13372, stack(0x000000602c400000,0x000000602c500000) (1024K)]
  0x000001e2ad76f200 JavaThread "Catalina-utility-2"                [_thread_blocked, id=14416, stack(0x000000602c800000,0x000000602c900000) (1024K)]
  0x000001e2ad7705b0 JavaThread "container-0"                       [_thread_blocked, id=19280, stack(0x000000602c900000,0x000000602ca00000) (1024K)]
  0x000001e2ad7712d0 JavaThread "File Watcher"               daemon [_thread_blocked, id=10428, stack(0x000000602ca00000,0x000000602cb00000) (1024K)]
  0x000001e2ae07f180 JavaThread "http-nio-8082-exec-1"       daemon [_thread_blocked, id=4112, stack(0x000000602cb00000,0x000000602cc00000) (1024K)]
  0x000001e2ae07afe0 JavaThread "http-nio-8082-exec-2"       daemon [_thread_blocked, id=2312, stack(0x000000602cc00000,0x000000602cd00000) (1024K)]
  0x000001e2ae07b670 JavaThread "http-nio-8082-exec-3"       daemon [_thread_blocked, id=17480, stack(0x000000602cd00000,0x000000602ce00000) (1024K)]
  0x000001e2ae07e460 JavaThread "http-nio-8082-exec-4"       daemon [_thread_blocked, id=14300, stack(0x000000602cf00000,0x000000602d000000) (1024K)]
  0x000001e2ae07f810 JavaThread "http-nio-8082-exec-5"       daemon [_thread_blocked, id=7708, stack(0x000000602d000000,0x000000602d100000) (1024K)]
  0x000001e2ae078f10 JavaThread "http-nio-8082-exec-6"       daemon [_thread_blocked, id=11072, stack(0x000000602d100000,0x000000602d200000) (1024K)]
  0x000001e2ae07a2c0 JavaThread "http-nio-8082-exec-7"       daemon [_thread_blocked, id=3088, stack(0x000000602d200000,0x000000602d300000) (1024K)]
=>0x000001e2ae07a950 JavaThread "http-nio-8082-exec-8"       daemon [_thread_in_Java, id=10480, stack(0x000000602d300000,0x000000602d400000) (1024K)]
  0x000001e2ae07c390 JavaThread "http-nio-8082-exec-9"       daemon [_thread_blocked, id=10064, stack(0x000000602d400000,0x000000602d500000) (1024K)]
  0x000001e2ae07d0b0 JavaThread "http-nio-8082-exec-10"      daemon [_thread_blocked, id=12296, stack(0x000000602d500000,0x000000602d600000) (1024K)]
  0x000001e2ae07fea0 JavaThread "http-nio-8082-Poller"       daemon [_thread_in_native, id=18824, stack(0x000000602d600000,0x000000602d700000) (1024K)]
  0x000001e2ae07ca20 JavaThread "http-nio-8082-Acceptor"     daemon [_thread_in_native, id=19320, stack(0x000000602d700000,0x000000602d800000) (1024K)]
Total: 34

Other Threads:
  0x000001e267398630 VMThread "VM Thread"                           [id=17032, stack(0x000000602b200000,0x000000602b300000) (1024K)]
  0x000001e257273e80 WatcherThread "VM Periodic Task Thread"        [id=4660, stack(0x000000602b100000,0x000000602b200000) (1024K)]
  0x000001e2570b0b70 WorkerThread "GC Thread#0"                     [id=1644, stack(0x000000602ac00000,0x000000602ad00000) (1024K)]
  0x000001e2ad224780 WorkerThread "GC Thread#1"                     [id=1820, stack(0x000000602c000000,0x000000602c100000) (1024K)]
  0x000001e2ad224b20 WorkerThread "GC Thread#2"                     [id=18480, stack(0x000000602c100000,0x000000602c200000) (1024K)]
  0x000001e2ad233570 WorkerThread "GC Thread#3"                     [id=14532, stack(0x000000602c200000,0x000000602c300000) (1024K)]
  0x000001e2574eb890 ConcurrentGCThread "G1 Main Marker"            [id=12268, stack(0x000000602ad00000,0x000000602ae00000) (1024K)]
  0x000001e2574ecb70 WorkerThread "G1 Conc#0"                       [id=17924, stack(0x000000602ae00000,0x000000602af00000) (1024K)]
  0x000001e2571317f0 ConcurrentGCThread "G1 Refine#0"               [id=14152, stack(0x000000602af00000,0x000000602b000000) (1024K)]
  0x000001e257137b60 ConcurrentGCThread "G1 Service"                [id=17444, stack(0x000000602b000000,0x000000602b100000) (1024K)]
Total: 10

Threads with active compile tasks:
Total: 0

VM state: not at safepoint (normal execution)

VM Mutex/Monitor currently owned by a thread: None

Heap address: 0x0000000081600000, size: 2026 MB, Compressed Oops mode: 32-bit

CDS archive(s) mapped at: [0x000001e268000000-0x000001e268c90000-0x000001e268c90000), size 13172736, SharedBaseAddress: 0x000001e268000000, ArchiveRelocationMode: 1.
Compressed class space mapped at: 0x000001e269000000-0x000001e2a9000000, reserved size: 1073741824
Narrow klass base: 0x000001e268000000, Narrow klass shift: 0, Narrow klass range: 0x100000000

GC Precious Log:
 CardTable entry size: 512
 Card Set container configuration: InlinePtr #cards 5 size 8 Array Of Cards #cards 12 size 40 Howl #buckets 4 coarsen threshold 1843 Howl Bitmap #cards 512 size 80 coarsen threshold 460 Card regions per heap region 1 cards per card region 2048
 CPUs: 4 total, 4 available
 Memory: 8099M
 Large Page Support: Disabled
 NUMA Support: Disabled
 Compressed Oops: Enabled (32-bit)
 Heap Region Size: 1M
 Heap Min Capacity: 8M
 Heap Initial Capacity: 128M
 Heap Max Capacity: 2026M
 Pre-touch: Disabled
 Parallel Workers: 4
 Concurrent Workers: 1
 Concurrent Refinement Workers: 4
 Periodic GC: Disabled

Heap:
 garbage-first heap   total 55296K, used 41055K [0x0000000081600000, 0x0000000100000000)
  region size 1024K, 24 young (24576K), 3 survivors (3072K)
 Metaspace       used 48011K, committed 48704K, reserved 1114112K
  class space    used 5961K, committed 6272K, reserved 1048576K

Heap Regions: E=young(eden), S=young(survivor), O=old, HS=humongous(starts), HC=humongous(continues), CS=collection set, F=free, TAMS=top-at-mark-start, PB=parsable bottom
|   0|0x0000000081600000, 0x00000000816ffff8, 0x0000000081700000| 99%| O|  |TAMS 0x0000000081600000| PB 0x0000000081600000| Untracked 
|   1|0x0000000081700000, 0x0000000081800000, 0x0000000081800000|100%| O|  |TAMS 0x0000000081700000| PB 0x0000000081700000| Untracked 
|   2|0x0000000081800000, 0x00000000818fffe8, 0x0000000081900000| 99%| O|  |TAMS 0x0000000081800000| PB 0x0000000081800000| Untracked 
|   3|0x0000000081900000, 0x00000000819ffff8, 0x0000000081a00000| 99%| O|  |TAMS 0x0000000081900000| PB 0x0000000081900000| Untracked 
|   4|0x0000000081a00000, 0x0000000081b00000, 0x0000000081b00000|100%| O|  |TAMS 0x0000000081a00000| PB 0x0000000081a00000| Untracked 
|   5|0x0000000081b00000, 0x0000000081bfffe0, 0x0000000081c00000| 99%| O|  |TAMS 0x0000000081b00000| PB 0x0000000081b00000| Untracked 
|   6|0x0000000081c00000, 0x0000000081cffff8, 0x0000000081d00000| 99%| O|  |TAMS 0x0000000081c00000| PB 0x0000000081c00000| Untracked 
|   7|0x0000000081d00000, 0x0000000081dfffe8, 0x0000000081e00000| 99%| O|  |TAMS 0x0000000081d00000| PB 0x0000000081d00000| Untracked 
|   8|0x0000000081e00000, 0x0000000081effff0, 0x0000000081f00000| 99%| O|  |TAMS 0x0000000081e00000| PB 0x0000000081e00000| Untracked 
|   9|0x0000000081f00000, 0x0000000081fffff0, 0x0000000082000000| 99%| O|  |TAMS 0x0000000081f00000| PB 0x0000000081f00000| Untracked 
|  10|0x0000000082000000, 0x00000000820ffff8, 0x0000000082100000| 99%| O|  |TAMS 0x0000000082000000| PB 0x0000000082000000| Untracked 
|  11|0x0000000082100000, 0x00000000821fffe0, 0x0000000082200000| 99%| O|  |TAMS 0x0000000082100000| PB 0x0000000082100000| Untracked 
|  12|0x0000000082200000, 0x0000000082300000, 0x0000000082300000|100%| O|  |TAMS 0x0000000082200000| PB 0x0000000082200000| Untracked 
|  13|0x0000000082300000, 0x00000000823ffff8, 0x0000000082400000| 99%| O|  |TAMS 0x0000000082300000| PB 0x0000000082300000| Untracked 
|  14|0x0000000082400000, 0x0000000082452cf0, 0x0000000082500000| 32%| O|  |TAMS 0x0000000082400000| PB 0x0000000082400000| Untracked 
|  15|0x0000000082500000, 0x00000000825e1dd0, 0x0000000082600000| 88%| O|  |TAMS 0x0000000082500000| PB 0x0000000082500000| Untracked 
|  16|0x0000000082600000, 0x000000008266f948, 0x0000000082700000| 43%| O|  |TAMS 0x0000000082600000| PB 0x0000000082600000| Untracked 
|  17|0x0000000082700000, 0x0000000082800000, 0x0000000082800000|100%| O|  |TAMS 0x0000000082700000| PB 0x0000000082700000| Untracked 
|  18|0x0000000082800000, 0x0000000082900000, 0x0000000082900000|100%| O|  |TAMS 0x0000000082800000| PB 0x0000000082800000| Untracked 
|  19|0x0000000082900000, 0x00000000829786c0, 0x0000000082a00000| 47%| O|  |TAMS 0x0000000082900000| PB 0x0000000082900000| Untracked 
|  20|0x0000000082a00000, 0x0000000082a00000, 0x0000000082b00000|  0%| F|  |TAMS 0x0000000082a00000| PB 0x0000000082a00000| Untracked 
|  21|0x0000000082b00000, 0x0000000082bfb550, 0x0000000082c00000| 98%| S|CS|TAMS 0x0000000082b00000| PB 0x0000000082b00000| Complete 
|  22|0x0000000082c00000, 0x0000000082c00000, 0x0000000082d00000|  0%| F|  |TAMS 0x0000000082c00000| PB 0x0000000082c00000| Untracked 
|  23|0x0000000082d00000, 0x0000000082d00000, 0x0000000082e00000|  0%| F|  |TAMS 0x0000000082d00000| PB 0x0000000082d00000| Untracked 
|  24|0x0000000082e00000, 0x0000000082e00000, 0x0000000082f00000|  0%| F|  |TAMS 0x0000000082e00000| PB 0x0000000082e00000| Untracked 
|  25|0x0000000082f00000, 0x0000000083000000, 0x0000000083000000|100%| S|CS|TAMS 0x0000000082f00000| PB 0x0000000082f00000| Complete 
|  26|0x0000000083000000, 0x0000000083100000, 0x0000000083100000|100%| S|CS|TAMS 0x0000000083000000| PB 0x0000000083000000| Complete 
|  27|0x0000000083100000, 0x0000000083100000, 0x0000000083200000|  0%| F|  |TAMS 0x0000000083100000| PB 0x0000000083100000| Untracked 
|  28|0x0000000083200000, 0x0000000083200000, 0x0000000083300000|  0%| F|  |TAMS 0x0000000083200000| PB 0x0000000083200000| Untracked 
|  29|0x0000000083300000, 0x0000000083300000, 0x0000000083400000|  0%| F|  |TAMS 0x0000000083300000| PB 0x0000000083300000| Untracked 
|  30|0x0000000083400000, 0x0000000083400000, 0x0000000083500000|  0%| F|  |TAMS 0x0000000083400000| PB 0x0000000083400000| Untracked 
|  31|0x0000000083500000, 0x0000000083500000, 0x0000000083600000|  0%| F|  |TAMS 0x0000000083500000| PB 0x0000000083500000| Untracked 
|  32|0x0000000083600000, 0x0000000083600000, 0x0000000083700000|  0%| F|  |TAMS 0x0000000083600000| PB 0x0000000083600000| Untracked 
|  33|0x0000000083700000, 0x00000000837dc288, 0x0000000083800000| 85%| E|  |TAMS 0x0000000083700000| PB 0x0000000083700000| Complete 
|  34|0x0000000083800000, 0x0000000083900000, 0x0000000083900000|100%| E|CS|TAMS 0x0000000083800000| PB 0x0000000083800000| Complete 
|  35|0x0000000083900000, 0x0000000083a00000, 0x0000000083a00000|100%| E|CS|TAMS 0x0000000083900000| PB 0x0000000083900000| Complete 
|  36|0x0000000083a00000, 0x0000000083b00000, 0x0000000083b00000|100%| E|CS|TAMS 0x0000000083a00000| PB 0x0000000083a00000| Complete 
|  37|0x0000000083b00000, 0x0000000083c00000, 0x0000000083c00000|100%| E|CS|TAMS 0x0000000083b00000| PB 0x0000000083b00000| Complete 
|  38|0x0000000083c00000, 0x0000000083d00000, 0x0000000083d00000|100%| E|CS|TAMS 0x0000000083c00000| PB 0x0000000083c00000| Complete 
|  39|0x0000000083d00000, 0x0000000083e00000, 0x0000000083e00000|100%| E|CS|TAMS 0x0000000083d00000| PB 0x0000000083d00000| Complete 
|  40|0x0000000083e00000, 0x0000000083f00000, 0x0000000083f00000|100%| E|CS|TAMS 0x0000000083e00000| PB 0x0000000083e00000| Complete 
|  41|0x0000000083f00000, 0x0000000084000000, 0x0000000084000000|100%| E|CS|TAMS 0x0000000083f00000| PB 0x0000000083f00000| Complete 
|  42|0x0000000084000000, 0x0000000084100000, 0x0000000084100000|100%| E|CS|TAMS 0x0000000084000000| PB 0x0000000084000000| Complete 
|  43|0x0000000084100000, 0x0000000084200000, 0x0000000084200000|100%| E|CS|TAMS 0x0000000084100000| PB 0x0000000084100000| Complete 
|  44|0x0000000084200000, 0x0000000084300000, 0x0000000084300000|100%| E|  |TAMS 0x0000000084200000| PB 0x0000000084200000| Complete 
|  45|0x0000000084300000, 0x0000000084400000, 0x0000000084400000|100%| E|CS|TAMS 0x0000000084300000| PB 0x0000000084300000| Complete 
|  46|0x0000000084400000, 0x0000000084500000, 0x0000000084500000|100%| E|CS|TAMS 0x0000000084400000| PB 0x0000000084400000| Complete 
|  47|0x0000000084500000, 0x0000000084600000, 0x0000000084600000|100%| E|CS|TAMS 0x0000000084500000| PB 0x0000000084500000| Complete 
|  62|0x0000000085400000, 0x0000000085500000, 0x0000000085500000|100%| E|CS|TAMS 0x0000000085400000| PB 0x0000000085400000| Complete 
|  63|0x0000000085500000, 0x0000000085600000, 0x0000000085600000|100%| E|CS|TAMS 0x0000000085500000| PB 0x0000000085500000| Complete 
|  64|0x0000000085600000, 0x0000000085700000, 0x0000000085700000|100%| E|CS|TAMS 0x0000000085600000| PB 0x0000000085600000| Complete 
|  65|0x0000000085700000, 0x0000000085800000, 0x0000000085800000|100%| E|CS|TAMS 0x0000000085700000| PB 0x0000000085700000| Complete 
|  66|0x0000000085800000, 0x0000000085900000, 0x0000000085900000|100%| E|CS|TAMS 0x0000000085800000| PB 0x0000000085800000| Complete 
|  67|0x0000000085900000, 0x0000000085a00000, 0x0000000085a00000|100%| E|CS|TAMS 0x0000000085900000| PB 0x0000000085900000| Complete 

Card table byte_map: [0x000001e262ca0000,0x000001e2630a0000] _byte_map_base: 0x000001e262895000

Marking Bits: (CMBitMap*) 0x000001e2574dc250
 Bits: [0x000001e2630a0000, 0x000001e265048000)

Polling page: 0x000001e256400000

Metaspace:

Usage:
  Non-class:     41.06 MB used.
      Class:      5.82 MB used.
       Both:     46.89 MB used.

Virtual space:
  Non-class space:       64.00 MB reserved,      41.44 MB ( 65%) committed,  1 nodes.
      Class space:        1.00 GB reserved,       6.12 MB ( <1%) committed,  1 nodes.
             Both:        1.06 GB reserved,      47.56 MB (  4%) committed. 

Chunk freelists:
   Non-Class:  6.16 MB
       Class:  9.84 MB
        Both:  16.00 MB

MaxMetaspaceSize: unlimited
CompressedClassSpaceSize: 1.00 GB
Initial GC threshold: 21.00 MB
Current GC threshold: 67.44 MB
CDS: on
 - commit_granule_bytes: 65536.
 - commit_granule_words: 8192.
 - virtual_space_node_default_size: 8388608.
 - enlarge_chunks_in_place: 1.
 - use_allocation_guard: 0.


Internal statistics:

num_allocs_failed_limit: 3.
num_arena_births: 1412.
num_arena_deaths: 542.
num_vsnodes_births: 2.
num_vsnodes_deaths: 0.
num_space_committed: 761.
num_space_uncommitted: 0.
num_chunks_returned_to_freelist: 668.
num_chunks_taken_from_freelist: 3180.
num_chunk_merges: 136.
num_chunk_splits: 1905.
num_chunks_enlarged: 1271.
num_inconsistent_stats: 0.

CodeCache: size=49152Kb used=11654Kb max_used=12211Kb free=37497Kb
 bounds [0x000001e25f8a0000, 0x000001e260490000, 0x000001e2628a0000]
 total_blobs=6261 nmethods=5567 adapters=618
 compilation: enabled
              stopped_count=0, restarted_count=0
 full_count=0

Compilation events (20 events):
Event: 1693.473 Thread 0x000001e2673d0220 nmethod 6642 0x000001e26048af10 code [0x000001e26048b0a0, 0x000001e26048b168]
Event: 1693.473 Thread 0x000001e2673d0220 6643       1       org.apache.catalina.connector.Request::getContext (8 bytes)
Event: 1693.473 Thread 0x000001e2673d0220 nmethod 6643 0x000001e26048b210 code [0x000001e26048b3a0, 0x000001e26048b478]
Event: 1693.473 Thread 0x000001e2673d0220 6640       1       java.util.concurrent.atomic.AtomicReference::compareAndSet (10 bytes)
Event: 1693.473 Thread 0x000001e2adc65430 nmethod 6639 0x000001e26048b510 code [0x000001e26048b740, 0x000001e26048be08]
Event: 1693.474 Thread 0x000001e2673d0220 nmethod 6640 0x000001e26048c410 code [0x000001e26048c600, 0x000001e26048ca90]
Event: 1702.202 Thread 0x000001e2673d0220 6644       1       org.springframework.util.CollectionUtils::isEmpty (19 bytes)
Event: 1702.203 Thread 0x000001e2673d0220 nmethod 6644 0x000001e2603ab190 code [0x000001e2603ab340, 0x000001e2603ab440]
Event: 1702.203 Thread 0x000001e2673d0220 6646       1       org.springframework.http.MediaType::getQualityValue (24 bytes)
Event: 1702.203 Thread 0x000001e2673d0220 nmethod 6646 0x000001e2603aab10 code [0x000001e2603aad20, 0x000001e2603aaf90]
Event: 1702.204 Thread 0x000001e2673d0220 6647       1       org.springframework.util.MimeType::getParameter (14 bytes)
Event: 1702.204 Thread 0x000001e2673d0220 nmethod 6647 0x000001e2603aa790 code [0x000001e2603aa940, 0x000001e2603aaa80]
Event: 1702.204 Thread 0x000001e2673d0220 6645       1       org.springframework.util.LinkedCaseInsensitiveMap::getLocale (5 bytes)
Event: 1702.204 Thread 0x000001e2673d0220 nmethod 6645 0x000001e2603aa490 code [0x000001e2603aa620, 0x000001e2603aa6e8]
Event: 1702.204 Thread 0x000001e2673d0220 6649       1       org.springframework.util.MimeType::isWildcardSubtype (29 bytes)
Event: 1702.204 Thread 0x000001e2673d0220 nmethod 6649 0x000001e2603aa090 code [0x000001e2603aa240, 0x000001e2603aa398]
Event: 1702.204 Thread 0x000001e2673d0220 6648       1       org.springframework.util.MimeType::getParameters (5 bytes)
Event: 1702.204 Thread 0x000001e2673d0220 nmethod 6648 0x000001e2603a9d90 code [0x000001e2603a9f20, 0x000001e2603a9fe8]
Event: 1702.215 Thread 0x000001e2673d0220 6650       1       org.apache.catalina.webresources.StandardRoot::isCachingAllowed (5 bytes)
Event: 1702.216 Thread 0x000001e2673d0220 nmethod 6650 0x000001e2603a9a90 code [0x000001e2603a9c20, 0x000001e2603a9cf0]

GC Heap History (20 events):
Event: 767.416 GC heap before
{Heap before GC invocations=9 (full 0):
 garbage-first heap   total 58368K, used 22834K [0x0000000081600000, 0x0000000100000000)
  region size 1024K, 6 young (6144K), 2 survivors (2048K)
 Metaspace       used 33010K, committed 33664K, reserved 1114112K
  class space    used 4389K, committed 4672K, reserved 1048576K
}
Event: 767.441 GC heap after
{Heap after GC invocations=10 (full 1):
 garbage-first heap   total 55296K, used 14302K [0x0000000081600000, 0x0000000100000000)
  region size 1024K, 0 young (0K), 0 survivors (0K)
 Metaspace       used 32691K, committed 33664K, reserved 1114112K
  class space    used 4309K, committed 4672K, reserved 1048576K
}
Event: 767.858 GC heap before
{Heap before GC invocations=10 (full 1):
 garbage-first heap   total 55296K, used 43998K [0x0000000081600000, 0x0000000100000000)
  region size 1024K, 30 young (30720K), 0 survivors (0K)
 Metaspace       used 32843K, committed 33664K, reserved 1114112K
  class space    used 4349K, committed 4672K, reserved 1048576K
}
Event: 767.861 GC heap after
{Heap after GC invocations=11 (full 1):
 garbage-first heap   total 55296K, used 17509K [0x0000000081600000, 0x0000000100000000)
  region size 1024K, 4 young (4096K), 4 survivors (4096K)
 Metaspace       used 32843K, committed 33664K, reserved 1114112K
  class space    used 4349K, committed 4672K, reserved 1048576K
}
Event: 785.945 GC heap before
{Heap before GC invocations=11 (full 1):
 garbage-first heap   total 55296K, used 25701K [0x0000000081600000, 0x0000000100000000)
  region size 1024K, 13 young (13312K), 4 survivors (4096K)
 Metaspace       used 32900K, committed 33664K, reserved 1114112K
  class space    used 4363K, committed 4672K, reserved 1048576K
}
Event: 785.975 GC heap after
{Heap after GC invocations=12 (full 2):
 garbage-first heap   total 55296K, used 16071K [0x0000000081600000, 0x0000000100000000)
  region size 1024K, 0 young (0K), 0 survivors (0K)
 Metaspace       used 32848K, committed 33664K, reserved 1114112K
  class space    used 4350K, committed 4672K, reserved 1048576K
}
Event: 786.343 GC heap before
{Heap before GC invocations=12 (full 2):
 garbage-first heap   total 55296K, used 44743K [0x0000000081600000, 0x0000000100000000)
  region size 1024K, 29 young (29696K), 0 survivors (0K)
 Metaspace       used 32872K, committed 33664K, reserved 1114112K
  class space    used 4355K, committed 4672K, reserved 1048576K
}
Event: 786.346 GC heap after
{Heap after GC invocations=13 (full 2):
 garbage-first heap   total 55296K, used 18640K [0x0000000081600000, 0x0000000100000000)
  region size 1024K, 3 young (3072K), 3 survivors (3072K)
 Metaspace       used 32872K, committed 33664K, reserved 1114112K
  class space    used 4355K, committed 4672K, reserved 1048576K
}
Event: 797.065 GC heap before
{Heap before GC invocations=13 (full 2):
 garbage-first heap   total 55296K, used 22736K [0x0000000081600000, 0x0000000100000000)
  region size 1024K, 8 young (8192K), 3 survivors (3072K)
 Metaspace       used 32877K, committed 33664K, reserved 1114112K
  class space    used 4356K, committed 4672K, reserved 1048576K
}
Event: 797.092 GC heap after
{Heap after GC invocations=14 (full 3):
 garbage-first heap   total 55296K, used 16127K [0x0000000081600000, 0x0000000100000000)
  region size 1024K, 0 young (0K), 0 survivors (0K)
 Metaspace       used 32874K, committed 33664K, reserved 1114112K
  class space    used 4355K, committed 4672K, reserved 1048576K
}
Event: 797.430 GC heap before
{Heap before GC invocations=14 (full 3):
 garbage-first heap   total 55296K, used 44799K [0x0000000081600000, 0x0000000100000000)
  region size 1024K, 28 young (28672K), 0 survivors (0K)
 Metaspace       used 32895K, committed 33664K, reserved 1114112K
  class space    used 4360K, committed 4672K, reserved 1048576K
}
Event: 797.432 GC heap after
{Heap after GC invocations=15 (full 3):
 garbage-first heap   total 55296K, used 18661K [0x0000000081600000, 0x0000000100000000)
  region size 1024K, 3 young (3072K), 3 survivors (3072K)
 Metaspace       used 32895K, committed 33664K, reserved 1114112K
  class space    used 4360K, committed 4672K, reserved 1048576K
}
Event: 1597.343 GC heap before
{Heap before GC invocations=15 (full 3):
 garbage-first heap   total 55296K, used 44261K [0x0000000081600000, 0x0000000100000000)
  region size 1024K, 29 young (29696K), 3 survivors (3072K)
 Metaspace       used 35394K, committed 36032K, reserved 1114112K
  class space    used 4702K, committed 4992K, reserved 1048576K
}
Event: 1597.347 GC heap after
{Heap after GC invocations=16 (full 3):
 garbage-first heap   total 55296K, used 19296K [0x0000000081600000, 0x0000000100000000)
  region size 1024K, 2 young (2048K), 2 survivors (2048K)
 Metaspace       used 35394K, committed 36032K, reserved 1114112K
  class space    used 4702K, committed 4992K, reserved 1048576K
}
Event: 1636.859 GC heap before
{Heap before GC invocations=16 (full 3):
 garbage-first heap   total 55296K, used 30560K [0x0000000081600000, 0x0000000100000000)
  region size 1024K, 15 young (15360K), 2 survivors (2048K)
 Metaspace       used 40760K, committed 41408K, reserved 1114112K
  class space    used 5304K, committed 5568K, reserved 1048576K
}
Event: 1636.891 GC heap after
{Heap after GC invocations=17 (full 4):
 garbage-first heap   total 55296K, used 16016K [0x0000000081600000, 0x0000000100000000)
  region size 1024K, 0 young (0K), 0 survivors (0K)
 Metaspace       used 40565K, committed 41408K, reserved 1114112K
  class space    used 5256K, committed 5568K, reserved 1048576K
}
Event: 1637.238 GC heap before
{Heap before GC invocations=17 (full 4):
 garbage-first heap   total 55296K, used 44688K [0x0000000081600000, 0x0000000100000000)
  region size 1024K, 29 young (29696K), 0 survivors (0K)
 Metaspace       used 40691K, committed 41408K, reserved 1114112K
  class space    used 5288K, committed 5568K, reserved 1048576K
}
Event: 1637.241 GC heap after
{Heap after GC invocations=18 (full 4):
 garbage-first heap   total 55296K, used 19088K [0x0000000081600000, 0x0000000100000000)
  region size 1024K, 3 young (3072K), 3 survivors (3072K)
 Metaspace       used 40691K, committed 41408K, reserved 1114112K
  class space    used 5288K, committed 5568K, reserved 1048576K
}
Event: 1692.744 GC heap before
{Heap before GC invocations=18 (full 4):
 garbage-first heap   total 55296K, used 45712K [0x0000000081600000, 0x0000000100000000)
  region size 1024K, 30 young (30720K), 3 survivors (3072K)
 Metaspace       used 44640K, committed 45312K, reserved 1114112K
  class space    used 5612K, committed 5952K, reserved 1048576K
}
Event: 1692.748 GC heap after
{Heap after GC invocations=19 (full 4):
 garbage-first heap   total 55296K, used 21599K [0x0000000081600000, 0x0000000100000000)
  region size 1024K, 3 young (3072K), 3 survivors (3072K)
 Metaspace       used 44640K, committed 45312K, reserved 1114112K
  class space    used 5612K, committed 5952K, reserved 1048576K
}

Dll operation events (9 events):
Event: 0.049 Loaded shared library C:\Program Files\Java\jdk-21\bin\java.dll
Event: 0.271 Loaded shared library C:\Program Files\Java\jdk-21\bin\jimage.dll
Event: 0.286 Loaded shared library C:\Program Files\Java\jdk-21\bin\net.dll
Event: 0.296 Loaded shared library C:\Program Files\Java\jdk-21\bin\nio.dll
Event: 0.304 Loaded shared library C:\Program Files\Java\jdk-21\bin\zip.dll
Event: 0.408 Loaded shared library C:\Program Files\Java\jdk-21\bin\management.dll
Event: 0.452 Loaded shared library C:\Program Files\Java\jdk-21\bin\management_ext.dll
Event: 0.772 Loaded shared library C:\Program Files\Java\jdk-21\bin\extnet.dll
Event: 2.121 Loaded shared library C:\Program Files\Java\jdk-21\bin\sunmscapi.dll

Deoptimization events (0 events):
No events

Classes loaded (20 events):
Event: 1693.031 Loading class sun/net/www/protocol/jrt/JavaRuntimeURLConnection
Event: 1693.032 Loading class sun/net/www/protocol/jrt/JavaRuntimeURLConnection done
Event: 1693.032 Loading class sun/net/www/protocol/jrt/JavaRuntimeURLConnection$1
Event: 1693.032 Loading class sun/net/www/protocol/jrt/JavaRuntimeURLConnection$1 done
Event: 1693.032 Loading class jdk/internal/jimage/ImageBufferCache
Event: 1693.033 Loading class jdk/internal/jimage/ImageBufferCache done
Event: 1693.033 Loading class jdk/internal/jimage/ImageBufferCache$1
Event: 1693.033 Loading class jdk/internal/jimage/ImageBufferCache$1 done
Event: 1693.033 Loading class jdk/internal/jimage/ImageBufferCache$2
Event: 1693.033 Loading class jdk/internal/jimage/ImageBufferCache$2 done
Event: 1693.233 Loading class java/util/Hashtable$ValueCollection
Event: 1693.233 Loading class java/util/Hashtable$ValueCollection done
Event: 1693.266 Loading class java/io/WriteAbortedException
Event: 1693.266 Loading class java/io/WriteAbortedException done
Event: 1693.266 Loading class sun/security/provider/SecureRandom
Event: 1693.267 Loading class sun/security/provider/SecureRandom done
Event: 1693.267 Loading class sun/security/provider/SecureRandom$SeederHolder
Event: 1693.267 Loading class sun/security/provider/SecureRandom$SeederHolder done
Event: 1693.328 Loading class java/util/ArrayList$SubList$2
Event: 1693.330 Loading class java/util/ArrayList$SubList$2 done

Classes unloaded (20 events):
Event: 1636.868 Thread 0x000001e267398630 Unloading class 0x000001e2693a8c00 'java/lang/invoke/LambdaForm$MH+0x000001e2693a8c00'
Event: 1636.868 Thread 0x000001e267398630 Unloading class 0x000001e2693b9800 'java/lang/invoke/LambdaForm$MH+0x000001e2693b9800'
Event: 1636.868 Thread 0x000001e267398630 Unloading class 0x000001e269404400 'java/lang/invoke/LambdaForm$BMH+0x000001e269404400'
Event: 1636.868 Thread 0x000001e267398630 Unloading class 0x000001e26940d000 'java/lang/invoke/LambdaForm$MH+0x000001e26940d000'
Event: 1636.868 Thread 0x000001e267398630 Unloading class 0x000001e269410c00 'java/lang/invoke/LambdaForm$MH+0x000001e269410c00'
Event: 1636.868 Thread 0x000001e267398630 Unloading class 0x000001e269418800 'java/lang/invoke/LambdaForm$MH+0x000001e269418800'
Event: 1636.868 Thread 0x000001e267398630 Unloading class 0x000001e26941a000 'java/lang/invoke/LambdaForm$MH+0x000001e26941a000'
Event: 1636.868 Thread 0x000001e267398630 Unloading class 0x000001e26941b000 'java/lang/invoke/LambdaForm$MH+0x000001e26941b000'
Event: 1636.868 Thread 0x000001e267398630 Unloading class 0x000001e269460000 'java/lang/invoke/LambdaForm$MH+0x000001e269460000'
Event: 1636.868 Thread 0x000001e267398630 Unloading class 0x000001e269461400 'java/lang/invoke/LambdaForm$MH+0x000001e269461400'
Event: 1636.868 Thread 0x000001e267398630 Unloading class 0x000001e269479400 'java/lang/invoke/LambdaForm$MH+0x000001e269479400'
Event: 1636.868 Thread 0x000001e267398630 Unloading class 0x000001e269460a30 'com/Rp/entity/LoginRequest'
Event: 1636.868 Thread 0x000001e267398630 Unloading class 0x000001e269460800 'com/Rp/RpApplication$$SpringCGLIB$$0'
Event: 1636.868 Thread 0x000001e267398630 Unloading class 0x000001e269478c20 'com/Rp/service/Userservice'
Event: 1636.868 Thread 0x000001e267398630 Unloading class 0x000001e269478a00 'com/Rp/Controller/HomeController'
Event: 1636.868 Thread 0x000001e267398630 Unloading class 0x000001e269478800 'com/Rp/RpApplication'
Event: 1636.868 Thread 0x000001e267398630 Unloading class 0x000001e2693a8400 'java/lang/invoke/LambdaForm$MH+0x000001e2693a8400'
Event: 1636.868 Thread 0x000001e267398630 Unloading class 0x000001e2693a3c00 'java/lang/invoke/LambdaForm$MH+0x000001e2693a3c00'
Event: 1636.868 Thread 0x000001e267398630 Unloading class 0x000001e2693a3800 'java/lang/invoke/LambdaForm$MH+0x000001e2693a3800'
Event: 1636.868 Thread 0x000001e267398630 Unloading class 0x000001e2693a0000 'java/lang/invoke/LambdaForm$MH+0x000001e2693a0000'

Classes redefined (0 events):
No events

Internal exceptions (20 events):
Event: 797.398 Thread 0x000001e2ae07f180 Exception <a 'java/io/FileNotFoundException'{0x0000000083119cb8}> (0x0000000083119cb8) 
thrown [s\open\src\hotspot\share\prims\jni.cpp, line 520]
Event: 900.989 Thread 0x000001e2ad2ea340 Exception <a 'java/lang/NoSuchMethodError'{0x000000008457cc18}: static [B.<clinit>()V> (0x000000008457cc18) 
thrown [s\open\src\hotspot\share\prims\jni.cpp, line 1111]
Event: 1597.070 Thread 0x000001e2ae07afe0 Exception <a 'java/lang/NoSuchMethodError'{0x0000000083a557a0}: 'java.lang.Object java.lang.invoke.DirectMethodHandle$Holder.invokeSpecial(java.lang.Object, java.lang.Object, java.lang.Object, java.lang.Object, java.lang.Object, long)'> (0x0000000083a557a0) 
thrown [s\open\src\hotspot\share\interpreter\linkResolver.cpp, line 773]
Event: 1597.071 Thread 0x000001e2ae07afe0 Exception <a 'java/lang/NoSuchMethodError'{0x0000000083a58f60}: 'java.lang.Object java.lang.invoke.Invokers$Holder.linkToTargetMethod(java.lang.Object, java.lang.Object, java.lang.Object, long, java.lang.Object)'> (0x0000000083a58f60) 
thrown [s\open\src\hotspot\share\interpreter\linkResolver.cpp, line 773]
Event: 1597.116 Thread 0x000001e2ae07afe0 Exception <a 'java/lang/NoSuchMethodError'{0x000000008399baa8}: getSession> (0x000000008399baa8) 
thrown [s\open\src\hotspot\share\prims\jni.cpp, line 1077]
Event: 1597.325 Thread 0x000001e2ae07afe0 Exception <a 'java/lang/NoSuchMethodError'{0x0000000083253b88}: 'java.lang.Object java.lang.invoke.DirectMethodHandle$Holder.newInvokeSpecial(java.lang.Object, java.lang.Object, java.lang.Object, int, int)'> (0x0000000083253b88) 
thrown [s\open\src\hotspot\share\interpreter\linkResolver.cpp, line 773]
Event: 1597.325 Thread 0x000001e2ae07afe0 Exception <a 'java/lang/NoSuchMethodError'{0x000000008325b408}: 'java.lang.Object java.lang.invoke.DelegatingMethodHandle$Holder.reinvoke_L(java.lang.Object, java.lang.Object, java.lang.Object, int, int)'> (0x000000008325b408) 
thrown [s\open\src\hotspot\share\interpreter\linkResolver.cpp, line 773]
Event: 1597.451 Thread 0x000001e2ae07afe0 Exception <a 'sun/nio/fs/WindowsException'{0x0000000085795478}> (0x0000000085795478) 
thrown [s\open\src\hotspot\share\prims\jni.cpp, line 520]
Event: 1597.978 Thread 0x000001e2ae07afe0 Exception <a 'java/lang/NullPointerException'{0x000000008436c8a0}> (0x000000008436c8a0) 
thrown [s\open\src\hotspot\share\interpreter\linkResolver.cpp, line 1372]
Event: 1636.859 Thread 0x000001e2ae079c30 Exception <a 'java/lang/InterruptedException'{0x0000000083f47dc0}: sleep interrupted> (0x0000000083f47dc0) 
thrown [s\open\src\hotspot\share\prims\jvm.cpp, line 3074]
Event: 1636.914 Thread 0x000001e2ad771960 Exception <a 'sun/nio/fs/WindowsException'{0x0000000085997240}> (0x0000000085997240) 
thrown [s\open\src\hotspot\share\prims\jni.cpp, line 520]
Event: 1637.096 Thread 0x000001e2ad771960 Exception <a 'java/lang/NoClassDefFoundError'{0x0000000083bd3ee8}: org/flywaydb/core/Flyway> (0x0000000083bd3ee8) 
thrown [s\open\src\hotspot\share\oops\constantPool.cpp, line 873]
Event: 1637.096 Thread 0x000001e2ad771960 Exception <a 'java/lang/NoClassDefFoundError'{0x0000000083bd4548}: liquibase/integration/spring/SpringLiquibase> (0x0000000083bd4548) 
thrown [s\open\src\hotspot\share\oops\constantPool.cpp, line 873]
Event: 1637.100 Thread 0x000001e2ad771960 Exception <a 'java/lang/NoSuchMethodError'{0x0000000083a40768}: 'void java.lang.invoke.DelegatingMethodHandle$Holder.reinvoke_L(java.lang.Object, java.lang.Object, int)'> (0x0000000083a40768) 
thrown [s\open\src\hotspot\share\interpreter\linkResolver.cpp, line 773]
Event: 1637.134 Thread 0x000001e2ad771960 Exception <a 'java/lang/NoSuchMethodError'{0x00000000835429e0}: 'int java.lang.invoke.DirectMethodHandle$Holder.invokeVirtual(java.lang.Object, java.lang.Object, java.lang.Object, java.lang.Object)'> (0x00000000835429e0) 
thrown [s\open\src\hotspot\share\interpreter\linkResolver.cpp, line 773]
Event: 1637.134 Thread 0x000001e2ad771960 Exception <a 'java/lang/NoSuchMethodError'{0x0000000083545fa8}: 'int java.lang.invoke.DelegatingMethodHandle$Holder.reinvoke_L(java.lang.Object, java.lang.Object, java.lang.Object, java.lang.Object)'> (0x0000000083545fa8) 
thrown [s\open\src\hotspot\share\interpreter\linkResolver.cpp, line 773]
Event: 1637.149 Thread 0x000001e2ad771960 Exception <a 'java/io/FileNotFoundException'{0x0000000083598380}> (0x0000000083598380) 
thrown [s\open\src\hotspot\share\prims\jni.cpp, line 520]
Event: 1637.218 Thread 0x000001e2ad771960 Exception <a 'java/lang/NoSuchMethodError'{0x00000000831368e0}: 'void java.lang.invoke.DirectMethodHandle$Holder.invokeVirtual(java.lang.Object, java.lang.Object, java.lang.Object, java.lang.Object, java.lang.Object)'> (0x00000000831368e0) 
thrown [s\open\src\hotspot\share\interpreter\linkResolver.cpp, line 773]
Event: 1637.229 Thread 0x000001e2ad771960 Exception <a 'java/io/FileNotFoundException'{0x0000000082f62380}> (0x0000000082f62380) 
thrown [s\open\src\hotspot\share\prims\jni.cpp, line 520]
Event: 1693.325 Thread 0x000001e2ae07e460 Exception <a 'java/lang/NoSuchMethodError'{0x00000000838a9eb0}: 'java.lang.Object java.lang.invoke.DirectMethodHandle$Holder.invokeStatic(java.lang.Object, int, int)'> (0x00000000838a9eb0) 
thrown [s\open\src\hotspot\share\interpreter\linkResolver.cpp, line 773]

ZGC Phase Switch (0 events):
No events

VM Operations (20 events):
Event: 1693.252 Executing VM operation: ChangeBreakpoints
Event: 1693.254 Executing VM operation: ChangeBreakpoints done
Event: 1693.254 Executing VM operation: ChangeBreakpoints
Event: 1693.256 Executing VM operation: ChangeBreakpoints done
Event: 1693.257 Executing VM operation: get/set locals
Event: 1693.257 Executing VM operation: get/set locals done
Event: 1693.257 Executing VM operation: get/set locals
Event: 1693.257 Executing VM operation: get/set locals done
Event: 1693.298 Executing VM operation: HandshakeAllThreads (Deoptimize)
Event: 1693.298 Executing VM operation: HandshakeAllThreads (Deoptimize) done
Event: 1693.299 Executing VM operation: get/set locals
Event: 1693.299 Executing VM operation: get/set locals done
Event: 1693.299 Executing VM operation: get/set locals
Event: 1693.299 Executing VM operation: get/set locals done
Event: 1695.299 Executing VM operation: Cleanup
Event: 1695.299 Executing VM operation: Cleanup done
Event: 1702.216 Executing VM operation: get/set locals
Event: 1702.216 Executing VM operation: get/set locals done
Event: 1702.217 Executing VM operation: get/set locals
Event: 1702.217 Executing VM operation: get/set locals done

Events (20 events):
Event: 1637.301 Thread 0x000001e2ad7712d0 Thread added: 0x000001e2ad7712d0
Event: 1637.308 Thread 0x000001e2ae07f180 Thread added: 0x000001e2ae07f180
Event: 1637.309 Thread 0x000001e2ae07afe0 Thread added: 0x000001e2ae07afe0
Event: 1637.309 Thread 0x000001e2ae07b670 Thread added: 0x000001e2ae07b670
Event: 1637.310 Thread 0x000001e2ae07e460 Thread added: 0x000001e2ae07e460
Event: 1637.310 Thread 0x000001e2ae07f810 Thread added: 0x000001e2ae07f810
Event: 1637.311 Thread 0x000001e2ae078f10 Thread added: 0x000001e2ae078f10
Event: 1637.312 Thread 0x000001e2ae07a2c0 Thread added: 0x000001e2ae07a2c0
Event: 1637.312 Thread 0x000001e2ae07a950 Thread added: 0x000001e2ae07a950
Event: 1637.313 Thread 0x000001e2ae07c390 Thread added: 0x000001e2ae07c390
Event: 1637.313 Thread 0x000001e2ae07d0b0 Thread added: 0x000001e2ae07d0b0
Event: 1637.322 Thread 0x000001e2ae07fea0 Thread added: 0x000001e2ae07fea0
Event: 1637.323 Thread 0x000001e2ae07ca20 Thread added: 0x000001e2ae07ca20
Event: 1637.330 Thread 0x000001e2ad771960 Thread exited: 0x000001e2ad771960
Event: 1637.330 Thread 0x000001e2ad76f890 Thread exited: 0x000001e2ad76f890
Event: 1642.334 Thread 0x000001e2adc65430 Thread exited: 0x000001e2adc65430
Event: 1670.891 Thread 0x000001e2adc65430 Thread added: 0x000001e2adc65430
Event: 1675.902 Thread 0x000001e2adc65430 Thread exited: 0x000001e2adc65430
Event: 1692.488 Thread 0x000001e2adc65430 Thread added: 0x000001e2adc65430
Event: 1698.473 Thread 0x000001e2adc65430 Thread exited: 0x000001e2adc65430


Dynamic libraries:
0x00007ff6d16c0000 - 0x00007ff6d16d0000 	C:\Program Files\Java\jdk-21\bin\javaw.exe
0x000001e254960000 - 0x000001e254b58000 	C:\Windows\SYSTEM32\ntd1l.dll
0x000001e2544f0000 - 0x000001e2545b2000 	C:\Windows\System32\kern3l32.dll
0x00007ffe582b0000 - 0x00007ffe584a8000 	C:\Windows\SYSTEM32\ntdll.dll
0x00007ffe581a0000 - 0x00007ffe58262000 	C:\Windows\System32\KERNEL32.DLL
0x00007ffe55f30000 - 0x00007ffe5622e000 	C:\Windows\System32\KERNELBASE.dll
0x00007ffe55410000 - 0x00007ffe55741000 	C:\Program Files\SentinelOne\Sentinel Agent 23.4.4.223\InProcessClient64.dll
0x00007ffe57040000 - 0x00007ffe570f2000 	C:\Windows\System32\ADVAPI32.dll
0x00007ffe56410000 - 0x00007ffe564ae000 	C:\Windows\System32\msvcrt.dll
0x00007ffe56510000 - 0x00007ffe565b0000 	C:\Windows\System32\sechost.dll
0x00007ffe56690000 - 0x00007ffe567b3000 	C:\Windows\System32\RPCRT4.dll
0x00007ffe55af0000 - 0x00007ffe55b17000 	C:\Windows\System32\bcrypt.dll
0x00007ffe55b20000 - 0x00007ffe55c20000 	C:\Windows\System32\ucrtbase.dll
0x00007ffe392c0000 - 0x00007ffe392d9000 	C:\Program Files\Java\jdk-21\bin\jli.dll
0x00007ffe164d0000 - 0x00007ffe164eb000 	C:\Program Files\Java\jdk-21\bin\VCRUNTIME140.dll
0x00007ffe58000000 - 0x00007ffe5819d000 	C:\Windows\System32\USER32.dll
0x00007ffe559c0000 - 0x00007ffe559e2000 	C:\Windows\System32\win32u.dll
0x00007ffe57220000 - 0x00007ffe5724b000 	C:\Windows\System32\GDI32.dll
0x00007ffe55e10000 - 0x00007ffe55f27000 	C:\Windows\System32\gdi32full.dll
0x00007ffe56230000 - 0x00007ffe562cd000 	C:\Windows\System32\msvcp_win.dll
0x00007ffe55340000 - 0x00007ffe5534a000 	C:\Windows\SYSTEM32\VERSION.dll
0x00007ffe33000000 - 0x00007ffe3329a000 	C:\Windows\WinSxS\amd64_microsoft.windows.common-controls_6595b64144ccf1df_6.0.19041.4355_none_60b8b9eb71f62e16\COMCTL32.dll
0x00007ffe55330000 - 0x00007ffe5533b000 	C:\Windows\SYSTEM32\FLTLIB.DLL
0x00007ffe567d0000 - 0x00007ffe567ff000 	C:\Windows\System32\IMM32.DLL
0x00007ffe4f020000 - 0x00007ffe4f17a000 	\\?\ZqrllziOIPRaCZuyVMrATcLSjjRJVlotuNUfib\GLOBAL??\C:\Windows\system32\tmumh\20019\AddOn\8.55.0.1333\TmUmEvt64.dll
0x00007ffe57250000 - 0x00007ffe57258000 	C:\Windows\System32\PSAPI.DLL
0x000000005b100000 - 0x000000005b27e000 	\\?\ZqrllziOIPRaCZuyVMrATcLSjjRJVlotuNUfib\GLOBAL??\C:\Windows\system32\tmumh\20019\TmMon\2.9.0.1181\tmmon64.dll
0x00007ffe4e040000 - 0x00007ffe4e04c000 	C:\Program Files\Java\jdk-21\bin\vcruntime140_1.dll
0x00007ffe03c90000 - 0x00007ffe03d1e000 	C:\Program Files\Java\jdk-21\bin\msvcp140.dll
0x00007ffe057c0000 - 0x00007ffe064cd000 	C:\Program Files\Java\jdk-21\bin\server\jvm.dll
0x00007ffe57910000 - 0x00007ffe5797b000 	C:\Windows\System32\WS2_32.dll
0x00007ffe553c0000 - 0x00007ffe5540b000 	C:\Windows\SYSTEM32\POWRPROF.dll
0x00007ffe43890000 - 0x00007ffe438b7000 	C:\Windows\SYSTEM32\WINMM.dll
0x00007ffe54c80000 - 0x00007ffe54c92000 	C:\Windows\SYSTEM32\UMPDC.dll
0x00007ffe532b0000 - 0x00007ffe532c2000 	C:\Windows\SYSTEM32\kernel.appcore.dll
0x00007ffe3b110000 - 0x00007ffe3b11a000 	C:\Program Files\Java\jdk-21\bin\jimage.dll
0x00007ffe4f510000 - 0x00007ffe4f6f4000 	C:\Windows\SYSTEM32\DBGHELP.DLL
0x00007ffe4f4b0000 - 0x00007ffe4f4e4000 	C:\Windows\SYSTEM32\dbgcore.DLL
0x00007ffe55d80000 - 0x00007ffe55e02000 	C:\Windows\System32\bcryptPrimitives.dll
0x00007ffe05710000 - 0x00007ffe057bd000 	C:\Program Files\SentinelOne\Sentinel Agent 23.4.4.223\SentinelJava64.dll
0x00007ffe57980000 - 0x00007ffe579d5000 	C:\Windows\System32\SHLWAPI.dll
0x00007ffe57390000 - 0x00007ffe574bb000 	C:\Windows\System32\ole32.dll
0x00007ffe57550000 - 0x00007ffe578a3000 	C:\Windows\System32\combase.dll
0x00007ffe056f0000 - 0x00007ffe0570f000 	C:\Program Files\Java\jdk-21\bin\java.dll
0x00007ffe56800000 - 0x00007ffe56f6f000 	C:\Windows\System32\SHELL32.dll
0x00007ffe534b0000 - 0x00007ffe53c54000 	C:\Windows\SYSTEM32\windows.storage.dll
0x00007ffe54fd0000 - 0x00007ffe54ffe000 	C:\Windows\SYSTEM32\Wldp.dll
0x00007ffe56330000 - 0x00007ffe563fd000 	C:\Windows\System32\OLEAUT32.dll
0x00007ffe56f70000 - 0x00007ffe5701d000 	C:\Windows\System32\SHCORE.dll
0x00007ffe55880000 - 0x00007ffe558a4000 	C:\Windows\SYSTEM32\profapi.dll
0x00007ffe3a140000 - 0x00007ffe3a150000 	C:\Program Files\Java\jdk-21\bin\net.dll
0x00007ffe507c0000 - 0x00007ffe508cd000 	C:\Windows\SYSTEM32\WINHTTP.dll
0x00007ffe54d30000 - 0x00007ffe54d9a000 	C:\Windows\system32\mswsock.dll
0x00007ffe055f0000 - 0x00007ffe05606000 	C:\Program Files\Java\jdk-21\bin\nio.dll
0x00007ffe055d0000 - 0x00007ffe055e8000 	C:\Program Files\Java\jdk-21\bin\zip.dll
0x00007ffe373a0000 - 0x00007ffe373aa000 	C:\Program Files\Java\jdk-21\bin\management.dll
0x00007ffe36260000 - 0x00007ffe3626b000 	C:\Program Files\Java\jdk-21\bin\management_ext.dll
0x00007ffe37880000 - 0x00007ffe37897000 	C:\Windows\system32\napinsp.dll
0x00007ffe37840000 - 0x00007ffe3785b000 	C:\Windows\system32\pnrpnsp.dll
0x00007ffe37820000 - 0x00007ffe37835000 	C:\Windows\system32\wshbth.dll
0x00007ffe50290000 - 0x00007ffe502ad000 	C:\Windows\system32\NLAapi.dll
0x00007ffe549f0000 - 0x00007ffe54a2b000 	C:\Windows\SYSTEM32\IPHLPAPI.DLL
0x00007ffe54a40000 - 0x00007ffe54b0a000 	C:\Windows\SYSTEM32\DNSAPI.dll
0x00007ffe567c0000 - 0x00007ffe567c8000 	C:\Windows\System32\NSI.dll
0x00007ffe37800000 - 0x00007ffe37812000 	C:\Windows\System32\winrnr.dll
0x00007ffe4f360000 - 0x00007ffe4f36a000 	C:\Windows\System32\rasadhlp.dll
0x00007ffe50d50000 - 0x00007ffe50dd0000 	C:\Windows\System32\fwpuclnt.dll
0x00007ffe54f20000 - 0x00007ffe54f38000 	C:\Windows\SYSTEM32\CRYPTSP.dll
0x00007ffe545d0000 - 0x00007ffe54604000 	C:\Windows\system32\rsaenh.dll
0x00007ffe55800000 - 0x00007ffe5582e000 	C:\Windows\SYSTEM32\USERENV.dll
0x00007ffe54f40000 - 0x00007ffe54f4c000 	C:\Windows\SYSTEM32\CRYPTBASE.dll
0x00007ffe376e0000 - 0x00007ffe376e9000 	C:\Program Files\Java\jdk-21\bin\extnet.dll
0x00007ffe4f7d0000 - 0x00007ffe4f7de000 	C:\Program Files\Java\jdk-21\bin\sunmscapi.dll
0x00007ffe55c20000 - 0x00007ffe55d7c000 	C:\Windows\System32\CRYPT32.dll
0x00007ffe55040000 - 0x00007ffe55067000 	C:\Windows\SYSTEM32\ncrypt.dll
0x00007ffe55000000 - 0x00007ffe5503b000 	C:\Windows\SYSTEM32\NTASN1.dll
0x00007ffe50340000 - 0x00007ffe50347000 	C:\Windows\system32\wshunix.dll

dbghelp: loaded successfully - version: 4.0.5 - missing functions: none
symbol engine: initialized successfully - sym options: 0x614 - pdb path: .;C:\Program Files\Java\jdk-21\bin;C:\Windows\SYSTEM32;C:\Program Files\SentinelOne\Sentinel Agent 23.4.4.223;C:\Windows\WinSxS\amd64_microsoft.windows.common-controls_6595b64144ccf1df_6.0.19041.4355_none_60b8b9eb71f62e16;\\?\ZqrllziOIPRaCZuyVMrATcLSjjRJVlotuNUfib\GLOBAL??\C:\Windows\system32\tmumh\20019\AddOn\8.55.0.1333;\\?\ZqrllziOIPRaCZuyVMrATcLSjjRJVlotuNUfib\GLOBAL??\C:\Windows\system32\tmumh\20019\TmMon\2.9.0.1181;C:\Program Files\Java\jdk-21\bin\server

VM Arguments:
jvm_args: -Dcom.sun.management.jmxremote -Dcom.sun.management.jmxremote.port=61361 -Dcom.sun.management.jmxremote.authenticate=false -Dcom.sun.management.jmxremote.ssl=false -Djava.rmi.server.hostname=localhost -Dspring.jmx.enabled=true -Dmanagement.endpoints.jmx.exposure.include=* -Dspring.application.admin.enabled=true -XX:TieredStopAtLevel=1 -Dspring.boot.project.name=Rp -Dfile.encoding=UTF-8 -Dstdout.encoding=UTF-8 -Dstderr.encoding=UTF-8 -XX:+ShowCodeDetailsInExceptionMessages -agentpath:C:\Program Files\SentinelOne\Sentinel Agent 23.4.4.223\SentinelJava64.dll=extendedCapabilities 
java_command: com.Rp.RpApplication --spring.output.ansi.enabled=always
java_class_path (initial): C:\Sai_Aravindh\Rp\Rp\target\classes;C:\Users\sai.aravindh\.m2\repository\org\springframework\boot\spring-boot-starter-web\3.3.5\spring-boot-starter-web-3.3.5.jar;C:\Users\sai.aravindh\.m2\repository\org\springframework\boot\spring-boot-starter\3.3.5\spring-boot-starter-3.3.5.jar;C:\Users\sai.aravindh\.m2\repository\org\springframework\boot\spring-boot-starter-logging\3.3.5\spring-boot-starter-logging-3.3.5.jar;C:\Users\sai.aravindh\.m2\repository\ch\qos\logback\logback-classic\1.5.11\logback-classic-1.5.11.jar;C:\Users\sai.aravindh\.m2\repository\ch\qos\logback\logback-core\1.5.11\logback-core-1.5.11.jar;C:\Users\sai.aravindh\.m2\repository\org\apache\logging\log4j\log4j-to-slf4j\2.23.1\log4j-to-slf4j-2.23.1.jar;C:\Users\sai.aravindh\.m2\repository\org\apache\logging\log4j\log4j-api\2.23.1\log4j-api-2.23.1.jar;C:\Users\sai.aravindh\.m2\repository\org\slf4j\jul-to-slf4j\2.0.16\jul-to-slf4j-2.0.16.jar;C:\Users\sai.aravindh\.m2\repository\org\yaml\snakeyaml\2.2\snakeyaml-2.2.jar;C:\Users\sai.aravindh\.m2\repository\org\springframework\boot\spring-boot-starter-json\3.3.5\spring-boot-starter-json-3.3.5.jar;C:\Users\sai.aravindh\.m2\repository\com\fasterxml\jackson\core\jackson-databind\2.17.2\jackson-databind-2.17.2.jar;C:\Users\sai.aravindh\.m2\repository\com\fasterxml\jackson\core\jackson-annotations\2.17.2\jackson-annotations-2.17.2.jar;C:\Users\sai.aravindh\.m2\repository\com\fasterxml\jackson\core\jackson-core\2.17.2\jackson-core-2.17.2.jar;C:\Users\sai.aravindh\.m2\repository\com\fasterxml\jackson\datatype\jackson-datatype-jdk8\2.17.2\jackson-datatype-jdk8-2.17.2.jar;C:\Users\sai.aravindh\.m2\repository\com\fasterxml\jackson\datatype\jackson-datatype-jsr310\2.17.2\jackson-datatype-jsr310-2.17.2.jar;C:\Users\sai.aravindh\.m2\repository\com\fasterxml\jackson\module\jackson-module-parameter-names\2.17.2\jackson-module-parameter-names-2.17.2.jar;C:\Users\sai.aravindh\.m2\repository\org\springframework\spring-web\6.1.14\spring-web-6.1.14.jar;C:\Users\sai.aravindh\.m2\repository\org\springframework\spring-beans\6.1.14\spring-beans-6.1.14.jar;C:\Users\sai.aravindh\.m2\repository\io\micrometer\micrometer-observation\1.13.6\micrometer-observation-1.13.6.jar;C:\Users\sai.aravindh\.m2\repository\io\micrometer\micrometer-commons\1.13.6\micrometer-commons-1.13.6.jar;C:\Users\sai.aravindh\.m2\repository\org\springframework\spring-webmvc\6.1.14\spring-webmvc-6.1.14.jar;C:\Users\sai.aravindh\.m2\repository\org\springframework\spring-aop\6.1.14\spring-aop-6.1.14.jar;C:\Users\sai.aravindh\.m2\repository\org\springframework\spring-context\6.1.14\spring-context-6.1.14.jar;C:\Users\sai.aravindh\.m2\repository\org\springframework\spring-expression\6.1.14\spring-expression-6.1.14.jar;C:\Users\sai.aravindh\.m2\repository\org\apache\tomcat\embed\tomcat-embed-jasper\10.1.31\tomcat-embed-jasper-10.1.31.jar;C:\Users\sai.aravindh\.m2\repository\org\apache\tomcat\embed\tomcat-embed-core\10.1.31\tomcat-embed-core-10.1.31.jar;C:\Users\sai.aravindh\.m2\repository\org\apache\tomcat\tomcat-annotations-api\10.1.31\tomcat-annotations-api-10.1.31.jar;C:\Users\sai.aravindh\.m2\repository\org\apache\tomcat\embed\tomcat-embed-el\10.1.31\tomcat-embed-el-10.1.31.jar;C:\Users\sai.aravindh\.m2\repository\org\eclipse\jdt\ecj\3.33.0\ecj-3.33.0.jar;C:\Users\sai.aravindh\.m2\repository\org\springframework\boot\spring-boot-devtools\3.3.5\spring-boot-devtools-3.3.5.jar;C:\Users\sai.aravindh\.m2\repository\org\springframework\boot\spring-boot\3.3.5\spring-boot-3.3.5.jar;C:\Users\sai.aravindh\.m2\repository\org\springframework\boot\spring-boot-autoconfigure\3.3.5\spring-boot-autoconfigure-3.3.5.jar;C:\Users\sai.aravindh\.m2\repository\com\microsoft\sqlserver\mssql-jdbc\12.6.4.jre11\mssql-jdbc-12.6.4.jre11.jar;C:\Users\sai.aravindh\.m2\repository\com\mysql\mysql-connector-j\8.3.0\mysql-connector-j-8.3.0.jar;C:\Users\sai.aravindh\.m2\repository\org\projectlombok\lombok\1.18.34\lombok-1.18.34.jar;C:\Users\sai.aravindh\.m2\repository\org\springframework\boot\spring-boot-starter-tomcat\3.3.5\spring-boot-starter-tomcat-3.3.5.jar;C:\Users\sai.aravindh\.m2\repository\jakarta\annotation\jakarta.annotation-api\2.1.1\jakarta.annotation-api-2.1.1.jar;C:\Users\sai.aravindh\.m2\repository\org\apache\tomcat\embed\tomcat-embed-websocket\10.1.31\tomcat-embed-websocket-10.1.31.jar;C:\Users\sai.aravindh\.m2\repository\org\slf4j\slf4j-api\2.0.16\slf4j-api-2.0.16.jar;C:\Users\sai.aravindh\.m2\repository\org\springframework\spring-core\6.1.14\spring-core-6.1.14.jar;C:\Users\sai.aravindh\.m2\repository\org\springframework\spring-jcl\6.1.14\spring-jcl-6.1.14.jar
Launcher Type: SUN_STANDARD

[Global flags]
     intx CICompilerCount                          = 3                                         {product} {ergonomic}
     uint ConcGCThreads                            = 1                                         {product} {ergonomic}
     uint G1ConcRefinementThreads                  = 4                                         {product} {ergonomic}
   size_t G1HeapRegionSize                         = 1048576                                   {product} {ergonomic}
    uintx GCDrainStackTargetSize                   = 64                                        {product} {ergonomic}
   size_t InitialHeapSize                          = 134217728                                 {product} {ergonomic}
     bool ManagementServer                         = true                                      {product} {command line}
   size_t MarkStackSize                            = 4194304                                   {product} {ergonomic}
   size_t MaxHeapSize                              = 2124414976                                {product} {ergonomic}
   size_t MaxNewSize                               = 1274019840                                {product} {ergonomic}
   size_t MinHeapDeltaBytes                        = 1048576                                   {product} {ergonomic}
   size_t MinHeapSize                              = 8388608                                   {product} {ergonomic}
    uintx NonNMethodCodeHeapSize                   = 4096                                   {pd product} {ergonomic}
    uintx NonProfiledCodeHeapSize                  = 0                                      {pd product} {ergonomic}
     bool ProfileInterpreter                       = false                                  {pd product} {command line}
    uintx ProfiledCodeHeapSize                     = 0                                      {pd product} {ergonomic}
     bool ShowCodeDetailsInExceptionMessages       = true                                   {manageable} {command line}
   size_t SoftMaxHeapSize                          = 2124414976                             {manageable} {ergonomic}
     intx TieredStopAtLevel                        = 1                                         {product} {command line}
     bool UseCompressedOops                        = true                           {product lp64_product} {ergonomic}
     bool UseG1GC                                  = true                                      {product} {ergonomic}
     bool UseLargePagesIndividualAllocation        = false                                  {pd product} {ergonomic}

Logging:
Log output configuration:
 #0: stdout all=warning uptime,level,tags foldmultilines=false
 #1: stderr all=off uptime,level,tags foldmultilines=false

Environment Variables:
PATH=C:/Program Files/Java/jdk-21/bin/server;C:/Program Files/Java/jdk-21/bin;C:\Program Files\Common Files\Oracle\Java\javapath;C:\Windows\system32;C:\Windows;C:\Windows\System32\Wbem;C:\Windows\System32\WindowsPowerShell\v1.0\;C:\Windows\System32\OpenSSH\;C:\Program Files\nodejs\;C:\Program Files (x86)\Microsoft SQL Server\160\DTS\Binn\;C:\Users\sai.aravindh\AppData\Local\Microsoft\WindowsApps;C:\Users\sai.aravindh\AppData\Local\Programs\Microsoft VS Code\bin;C:\Users\sai.aravindh\AppData\Roaming\npm;C:\Users\sai.aravindh\AppData\Local\Programs\Git\cmd;C:\Windows\System32;
USERNAME=sai.aravindh
OS=Windows_NT
PROCESSOR_IDENTIFIER=Intel64 Family 6 Model 94 Stepping 3, GenuineIntel
TMP=C:\Users\SAI~1.ARA\AppData\Local\Temp
TEMP=C:\Users\SAI~1.ARA\AppData\Local\Temp




Periodic native trim disabled

---------------  S Y S T E M  ---------------

OS:
 Windows 10 , 64 bit Build 19041 (10.0.19041.4957)
OS uptime: 16 days 1:28 hours

CPU: total 4 (initial active 4) (4 cores per cpu, 1 threads per core) family 6 model 94 stepping 3 microcode 0xcc, cx8, cmov, fxsr, mmx, 3dnowpref, sse, sse2, sse3, ssse3, sse4.1, sse4.2, popcnt, lzcnt, tsc, tscinvbit, avx, avx2, aes, erms, clmul, bmi1, bmi2, rtm, adx, fma, vzeroupper, clflush, clflushopt, rdtscp, f16c
Processor Information for all 4 processors :
  Max Mhz: 3192, Current Mhz: 3192, Mhz Limit: 3192

Memory: 4k page, system-wide physical 8099M (645M free)
TotalPageFile size 15011M (AvailPageFile size 2128M)
current process WorkingSet (physical memory assigned to process): 188M, peak: 199M
current process commit charge ("private bytes"): 214M, peak: 246M

vm_info: Java HotSpot(TM) 64-Bit Server VM (21.0.3+7-LTS-152) for windows-amd64 JRE (21.0.3+7-LTS-152), built on 2024-03-11T17:42:26Z by "mach5one" with MS VC++ 17.6 (VS2022)

END.
